<?xml version="1.0" encoding="UTF-8"?>
<robot generator="Robot 4.1.3 (Python 3.10.0 on darwin)" generated="20220217 16:54:40.462" rpa="false" schemaversion="2">
<suite id="s1" name="Login" source="/Users/andikaprananto/PycharmProjects/WebTry/Test/WEBMOB/Login.robot">
<test id="s1-t1" name="TC001">
<kw name="When Open MyHeadless Keyword" library="Browsers">
<kw name="Evaluate" library="BuiltIn">
<var>${options}</var>
<arg>sys.modules['selenium.webdriver'].ChromeOptions()</arg>
<arg>sys, selenium.webdriver</arg>
<doc>Evaluates the given expression in Python and returns the result.</doc>
<msg timestamp="20220217 16:54:41.412" level="INFO">${options} = &lt;selenium.webdriver.chrome.options.Options object at 0x10260ea40&gt;</msg>
<status status="PASS" starttime="20220217 16:54:41.412" endtime="20220217 16:54:41.412"/>
</kw>
<kw name="Call Method" library="BuiltIn">
<arg>${options}</arg>
<arg>add_argument</arg>
<arg>--headless</arg>
<doc>Calls the named method of the given object with the provided arguments.</doc>
<status status="PASS" starttime="20220217 16:54:41.413" endtime="20220217 16:54:41.413"/>
</kw>
<kw name="Open Browser" library="SeleniumLibrary">
<arg>${HOST_WEBMOB}</arg>
<arg>Chrome</arg>
<doc>Opens a new browser instance to the optional ``url``.</doc>
<msg timestamp="20220217 16:54:41.413" level="INFO">Opening browser 'Chrome' to base url 'https://staging-m.misteralad.in/'.</msg>
<status status="PASS" starttime="20220217 16:54:41.413" endtime="20220217 16:54:49.926"/>
</kw>
<kw name="Maximize Browser Window" library="SeleniumLibrary">
<doc>Maximizes current browser window.</doc>
<status status="PASS" starttime="20220217 16:54:49.926" endtime="20220217 16:54:50.137"/>
</kw>
<status status="PASS" starttime="20220217 16:54:41.412" endtime="20220217 16:54:50.138"/>
</kw>
<status status="PASS" starttime="20220217 16:54:41.411" endtime="20220217 16:54:50.139"/>
</test>
<doc>Regression Login Page Aladin</doc>
<status status="PASS" starttime="20220217 16:54:40.466" endtime="20220217 16:54:50.147"/>
</suite>
<statistics>
<total>
<stat pass="1" fail="0" skip="0">All Tests</stat>
</total>
<tag>
</tag>
<suite>
<stat pass="1" fail="0" skip="0" id="s1" name="Login">Login</stat>
</suite>
</statistics>
<errors>
</errors>
</robot>
