<?xml version="1.0" encoding="UTF-8"?>
<robot generator="Robot 4.1.3 (Python 3.10.0 on darwin)" generated="20220218 10:11:22.736" rpa="false" schemaversion="2">
<suite id="s1" name="Login" source="/Users/andikaprananto/PycharmProjects/WebTry/Test/WEBMOB/Login.robot">
<test id="s1-t1" name="TC001">
<kw name="When Open MyHeadless Keyword" library="Browsers">
<kw name="Open Browser" library="SeleniumLibrary">
<arg>${HOST_WEBMOB}</arg>
<arg>Chrome</arg>
<doc>Opens a new browser instance to the optional ``url``.</doc>
<msg timestamp="20220218 10:11:23.872" level="INFO">Opening browser 'Chrome' to base url 'https://staging-m.misteralad.in/'.</msg>
<status status="PASS" starttime="20220218 10:11:23.871" endtime="20220218 10:11:31.554"/>
</kw>
<kw name="Maximize Browser Window" library="SeleniumLibrary">
<doc>Maximizes current browser window.</doc>
<status status="PASS" starttime="20220218 10:11:31.555" endtime="20220218 10:11:31.775"/>
</kw>
<status status="PASS" starttime="20220218 10:11:23.871" endtime="20220218 10:11:31.775"/>
</kw>
<status status="PASS" starttime="20220218 10:11:23.870" endtime="20220218 10:11:31.779"/>
</test>
<doc>Regression Login Page Aladin</doc>
<status status="PASS" starttime="20220218 10:11:22.740" endtime="20220218 10:11:31.788"/>
</suite>
<statistics>
<total>
<stat pass="1" fail="0" skip="0">All Tests</stat>
</total>
<tag>
</tag>
<suite>
<stat pass="1" fail="0" skip="0" id="s1" name="Login">Login</stat>
</suite>
</statistics>
<errors>
</errors>
</robot>
