<?xml version="1.0" encoding="UTF-8"?>
<robot generator="Robot 4.1.3 (Python 3.10.0 on darwin)" generated="20220314 14:28:19.573" rpa="false" schemaversion="2">
<suite id="s1" name="Login" source="/Users/andikaprananto/PycharmProjects/WebTry/Test/WEBMOB/Login.robot">
<test id="s1-t1" name="TC001">
<kw name="When Open MyHeadless Keyword" library="Browsers">
<kw name="Evaluate" library="BuiltIn">
<var>${options}</var>
<arg>sys.modules['selenium.webdriver'].ChromeOptions()</arg>
<arg>sys, selenium.webdriver</arg>
<doc>Evaluates the given expression in Python and returns the result.</doc>
<msg timestamp="20220314 14:28:21.616" level="INFO">${options} = &lt;selenium.webdriver.chrome.options.Options object at 0x103c7ef20&gt;</msg>
<status status="PASS" starttime="20220314 14:28:21.614" endtime="20220314 14:28:21.616"/>
</kw>
<kw name="Call Method" library="BuiltIn">
<arg>${options}</arg>
<arg>add_argument</arg>
<arg>--headless</arg>
<doc>Calls the named method of the given object with the provided arguments.</doc>
<status status="PASS" starttime="20220314 14:28:21.616" endtime="20220314 14:28:21.618"/>
</kw>
<kw name="Open Browser" library="SeleniumLibrary">
<arg>${HOST_WEBMOB}</arg>
<arg>ff</arg>
<doc>Opens a new browser instance to the optional ``url``.</doc>
<msg timestamp="20220314 14:28:21.620" level="INFO">Opening browser 'ff' to base url 'https://staging.misteralad.in/'.</msg>
<msg timestamp="20220314 14:28:21.623" level="INFO">Firefox driver log is always forced to to: /Users/andikaprananto/PycharmProjects/WebTry/results/geckodriver-9.log</msg>
<status status="PASS" starttime="20220314 14:28:21.619" endtime="20220314 14:28:35.939"/>
</kw>
<kw name="Maximize Browser Window" library="SeleniumLibrary">
<doc>Maximizes current browser window.</doc>
<status status="PASS" starttime="20220314 14:28:35.941" endtime="20220314 14:28:36.468"/>
</kw>
<status status="PASS" starttime="20220314 14:28:21.613" endtime="20220314 14:28:36.469"/>
</kw>
<status status="PASS" starttime="20220314 14:28:21.613" endtime="20220314 14:28:36.470"/>
</test>
<test id="s1-t2" name="TC002">
<kw name="when login to facebook">
<kw name="Wait Until Element Is Visible" library="SeleniumLibrary">
<arg>xpath=//a[contains(text(),'Log In')]</arg>
<doc>Waits until the element ``locator`` is visible.</doc>
<status status="PASS" starttime="20220314 14:28:36.476" endtime="20220314 14:28:36.584"/>
</kw>
<kw name="Click Link" library="SeleniumLibrary">
<arg>xpath=//a[contains(text(),'Log In')]</arg>
<doc>Clicks a link identified by ``locator``.</doc>
<msg timestamp="20220314 14:28:36.585" level="INFO">Clicking link 'xpath=//a[contains(text(),'Log In')]'.</msg>
<status status="PASS" starttime="20220314 14:28:36.585" endtime="20220314 14:28:36.925"/>
</kw>
<kw name="Wait Until Element Is Visible" library="SeleniumLibrary">
<arg>xpath=//button[@id='optInText']</arg>
<doc>Waits until the element ``locator`` is visible.</doc>
<status status="PASS" starttime="20220314 14:28:36.926" endtime="20220314 14:28:37.898"/>
</kw>
<kw name="Click Element" library="SeleniumLibrary">
<arg>xpath=//button[@id='optInText']</arg>
<doc>Click the element identified by ``locator``.</doc>
<msg timestamp="20220314 14:28:37.899" level="INFO">Clicking element 'xpath=//button[@id='optInText']'.</msg>
<status status="PASS" starttime="20220314 14:28:37.899" endtime="20220314 14:28:38.204"/>
</kw>
<kw name="Wait Until Element Is Visible" library="SeleniumLibrary">
<arg>xpath=/html/body/div[1]/div/div/div[1]/div/div/div/div/div/div/div[3]/div[2]/div[1]/div/div/button</arg>
<doc>Waits until the element ``locator`` is visible.</doc>
<msg timestamp="20220314 14:28:43.422" level="INFO" html="true">&lt;/td&gt;&lt;/tr&gt;&lt;tr&gt;&lt;td colspan="3"&gt;&lt;a href="selenium-screenshot-2.png"&gt;&lt;img src="selenium-screenshot-2.png" width="800px"&gt;&lt;/a&gt;</msg>
<msg timestamp="20220314 14:28:43.430" level="FAIL">Element 'xpath=/html/body/div[1]/div/div/div[1]/div/div/div/div/div/div/div[3]/div[2]/div[1]/div/div/button' not visible after 5 seconds.</msg>
<status status="FAIL" starttime="20220314 14:28:38.204" endtime="20220314 14:28:43.430"/>
</kw>
<kw name="Click Element" library="SeleniumLibrary">
<arg>xpath=/html/body/div[1]/div/div/div[1]/div/div/div/div/div/div/div[3]/div[2]/div[1]/div/div/button</arg>
<doc>Click the element identified by ``locator``.</doc>
<status status="NOT RUN" starttime="20220314 14:28:43.431" endtime="20220314 14:28:43.431"/>
</kw>
<status status="FAIL" starttime="20220314 14:28:36.475" endtime="20220314 14:28:43.431"/>
</kw>
<status status="FAIL" starttime="20220314 14:28:36.472" endtime="20220314 14:28:43.432">Element 'xpath=/html/body/div[1]/div/div/div[1]/div/div/div/div/div/div/div[3]/div[2]/div[1]/div/div/button' not visible after 5 seconds.</status>
</test>
<status status="FAIL" starttime="20220314 14:28:19.577" endtime="20220314 14:28:43.433"/>
</suite>
<statistics>
<total>
<stat pass="1" fail="1" skip="0">All Tests</stat>
</total>
<tag>
</tag>
<suite>
<stat pass="1" fail="1" skip="0" id="s1" name="Login">Login</stat>
</suite>
</statistics>
<errors>
</errors>
</robot>
